============================================================
  Generated by:           Genus(TM) Synthesis Solution 21.14-s082_1
  Generated on:           Apr 15 2026  10:10:02 am
  Module:                 hybrid_dram_ecc_top
  Operating conditions:   slow (balanced_tree)
  Wireload mode:          enclosed
  Area mode:              timing library
============================================================


Path 1: MET (122 ps) Late External Delay Assertion at pin dram_bus_write[27]
          Group: IN2OUT
     Startpoint: (R) cpu_data_in[41]
          Clock: (R) clk
       Endpoint: (R) dram_bus_write[27]
          Clock: (R) clk

                     Capture       Launch     
        Clock Edge:+    5000            0     
        Drv Adjust:+       0            0     
       Src Latency:+       0            0     
       Net Latency:+       0 (I)        0 (I) 
           Arrival:=    5000            0     
                                              
      Output Delay:-    1000                  
       Uncertainty:-     200                  
     Required Time:=    3800                  
      Launch Clock:-       0                  
       Input Delay:-    1000                  
         Data Path:-    2678                  
             Slack:=     122                  

Exceptions/Constraints:
  input_delay              1000            hybrid.sdc_line_12_23_1  
  output_delay             1000            hybrid.sdc_line_13_357_1 

#--------------------------------------------------------------------------------------------
#   Timing Point     Flags   Arc   Edge   Cell     Fanout  Load Trans Delay Arrival Instance 
#                                                          (fF)  (ps)  (ps)   (ps)  Location 
#--------------------------------------------------------------------------------------------
  cpu_data_in[41]    -       -     R     (arrival)      2  51.8     0     0    1000    (-,-) 
  g15526/Y           -       A->Y  F     XNOR2XL        2   4.4    87   201    1201    (-,-) 
  g15321__7410/Y     -       B->Y  R     NAND2XL        1   2.8    64    75    1276    (-,-) 
  g15299__6161/Y     -       B0->Y F     OAI21X1        5  13.4   212   170    1446    (-,-) 
  g15258/Y           -       A->Y  R     CLKINVX1       2   3.5    81    81    1528    (-,-) 
  g15189__5477/Y     -       B->Y  R     MX2X1          6  11.9   130   221    1749    (-,-) 
  g15179/Y           -       A->Y  F     CLKINVX1       5   9.6    92    92    1841    (-,-) 
  g15090__4733/Y     -       A->Y  R     MXI2XL         5  10.5   356   282    2123    (-,-) 
  g15076/Y           -       A->Y  F     CLKINVX1       4   7.7   140   110    2233    (-,-) 
  g15049__4733/Y     -       A->Y  R     MXI2XL         3  11.1   376   304    2537    (-,-) 
  g15017__7482/Y     -       S0->Y R     MXI2XL         1   1.9   145   177    2714    (-,-) 
  g14968__1705/Y     -       A->Y  R     XNOR2X4        9 450.0   952   964    3678    (-,-) 
  dram_bus_write[27] <<<     -     R     (port)         -     -     -     0    3678    (-,-) 
#--------------------------------------------------------------------------------------------

